Flow report for DE0_top
Sat Apr 16 21:18:15 2022
Quartus II 64-Bit Version 14.0.0 Build 200 06/17/2014 SJ Web Edition


---------------------
; Table of Contents ;
---------------------
  1. Legal Notice
  2. Flow Summary
  3. Flow Settings
  4. Flow Non-Default Global Settings
  5. Flow Elapsed Time
  6. Flow OS Summary
  7. Flow Log
  8. Flow Messages
  9. Flow Suppressed Messages



----------------
; Legal Notice ;
----------------
Copyright (C) 1991-2014 Altera Corporation. All rights reserved.
Your use of Altera Corporation's design tools, logic functions 
and other software and tools, and its AMPP partner logic 
functions, and any output files from any of the foregoing 
(including device programming or simulation files), and any 
associated documentation or information are expressly subject 
to the terms and conditions of the Altera Program License 
Subscription Agreement, the Altera Quartus II License Agreement,
the Altera MegaCore Function License Agreement, or other 
applicable license agreement, including, without limitation, 
that your use is for the sole purpose of programming logic 
devices manufactured by Altera and sold by Altera or its 
authorized distributors.  Please refer to the applicable 
agreement for further details.



+------------------------------------------------------------------------------+
; Flow Summary                                                                 ;
+---------------------------------+--------------------------------------------+
; Flow Status                     ; Successful - Sat Apr 16 21:16:55 2022      ;
; Quartus II 64-Bit Version       ; 14.0.0 Build 200 06/17/2014 SJ Web Edition ;
; Revision Name                   ; DE0_top                                    ;
; Top-level Entity Name           ; DE0_top                                    ;
; Family                          ; Cyclone V                                  ;
; Device                          ; 5CEBA4F23C7                                ;
; Timing Models                   ; Final                                      ;
; Logic utilization (in ALMs)     ; 5,902 / 18,480 ( 32 % )                    ;
; Total registers                 ; 9743                                       ;
; Total pins                      ; 68 / 224 ( 30 % )                          ;
; Total virtual pins              ; 0                                          ;
; Total block memory bits         ; 0 / 3,153,920 ( 0 % )                      ;
; Total DSP Blocks                ; 39 / 66 ( 59 % )                           ;
; Total HSSI RX PCSs              ; 0                                          ;
; Total HSSI PMA RX Deserializers ; 0                                          ;
; Total HSSI TX PCSs              ; 0                                          ;
; Total HSSI PMA TX Serializers   ; 0                                          ;
; Total PLLs                      ; 1 / 4 ( 25 % )                             ;
; Total DLLs                      ; 0 / 4 ( 0 % )                              ;
+---------------------------------+--------------------------------------------+


+-----------------------------------------+
; Flow Settings                           ;
+-------------------+---------------------+
; Option            ; Setting             ;
+-------------------+---------------------+
; Start date & time ; 04/16/2022 21:09:11 ;
; Main task         ; Compilation         ;
; Revision Name     ; DE0_top             ;
+-------------------+---------------------+


+------------------------------------------------------------------------------------------------------------------------+
; Flow Non-Default Global Settings                                                                                       ;
+-------------------------------------+---------------------------------------+---------------+-------------+------------+
; Assignment Name                     ; Value                                 ; Default Value ; Entity Name ; Section Id ;
+-------------------------------------+---------------------------------------+---------------+-------------+------------+
; COMPILER_SIGNATURE_ID               ; 190032512092124.165013255106040       ; --            ; --          ; --         ;
; FLOW_ENABLE_RTL_VIEWER              ; On                                    ; Off           ; --          ; --         ;
; IP_TOOL_NAME                        ; RAM: 1-PORT                           ; --            ; --          ; --         ;
; IP_TOOL_NAME                        ; RAM: 1-PORT                           ; --            ; --          ; --         ;
; IP_TOOL_NAME                        ; ROM: 1-PORT                           ; --            ; --          ; --         ;
; IP_TOOL_NAME                        ; ALTPLL                                ; --            ; --          ; --         ;
; IP_TOOL_VERSION                     ; 13.0                                  ; --            ; --          ; --         ;
; IP_TOOL_VERSION                     ; 13.0                                  ; --            ; --          ; --         ;
; IP_TOOL_VERSION                     ; 13.0                                  ; --            ; --          ; --         ;
; IP_TOOL_VERSION                     ; 13.0                                  ; --            ; --          ; --         ;
; MAX_CORE_JUNCTION_TEMP              ; 85                                    ; --            ; --          ; --         ;
; MIN_CORE_JUNCTION_TEMP              ; 0                                     ; --            ; --          ; --         ;
; MISC_FILE                           ; ram_bb.v                              ; --            ; --          ; --         ;
; MISC_FILE                           ; data_bb.v                             ; --            ; --          ; --         ;
; MISC_FILE                           ; prog_bb.v                             ; --            ; --          ; --         ;
; MISC_FILE                           ; PLL_bb.v                              ; --            ; --          ; --         ;
; MISC_FILE                           ; PLL.ppf                               ; --            ; --          ; --         ;
; PARTITION_COLOR                     ; 16764057                              ; --            ; --          ; Top        ;
; PARTITION_FITTER_PRESERVATION_LEVEL ; PLACEMENT_AND_ROUTING                 ; --            ; --          ; Top        ;
; PARTITION_NETLIST_TYPE              ; SOURCE                                ; --            ; --          ; Top        ;
; POWER_BOARD_THERMAL_MODEL           ; None (CONSERVATIVE)                   ; --            ; --          ; --         ;
; POWER_PRESET_COOLING_SOLUTION       ; 23 MM HEAT SINK WITH 200 LFPM AIRFLOW ; --            ; --          ; --         ;
; PROJECT_OUTPUT_DIRECTORY            ; output_files                          ; --            ; --          ; --         ;
; SMART_RECOMPILE                     ; On                                    ; Off           ; --          ; --         ;
; VERILOG_MACRO                       ; CUSTOM_DEFINE=1                       ; --            ; --          ; --         ;
; VERILOG_MACRO                       ; LOAD_MEMS=1                           ; --            ; --          ; --         ;
; VERILOG_SHOW_LMF_MAPPING_MESSAGES   ; Off                                   ; --            ; --          ; --         ;
+-------------------------------------+---------------------------------------+---------------+-------------+------------+


+-------------------------------------------------------------------------------------------------------------------------------+
; Flow Elapsed Time                                                                                                             ;
+---------------------------+--------------+-------------------------+---------------------+------------------------------------+
; Module Name               ; Elapsed Time ; Average Processors Used ; Peak Virtual Memory ; Total CPU Time (on all processors) ;
+---------------------------+--------------+-------------------------+---------------------+------------------------------------+
; Analysis & Synthesis      ; 00:02:53     ; 1.0                     ; 4873 MB             ; 00:02:53                           ;
; Fitter                    ; 00:04:26     ; 1.0                     ; 5625 MB             ; 00:04:20                           ;
; Assembler                 ; 00:00:11     ; 1.0                     ; 4869 MB             ; 00:00:11                           ;
; TimeQuest Timing Analyzer ; 00:01:17     ; 1.0                     ; 5214 MB             ; 00:01:16                           ;
; Total                     ; 00:08:47     ; --                      ; --                  ; 00:08:40                           ;
+---------------------------+--------------+-------------------------+---------------------+------------------------------------+


+----------------------------------------------------------------------------------------+
; Flow OS Summary                                                                        ;
+---------------------------+------------------+-----------+------------+----------------+
; Module Name               ; Machine Hostname ; OS Name   ; OS Version ; Processor type ;
+---------------------------+------------------+-----------+------------+----------------+
; Analysis & Synthesis      ; DESKTOP-OJG6CQU  ; Windows 7 ; 6.2        ; x86_64         ;
; Fitter                    ; DESKTOP-OJG6CQU  ; Windows 7 ; 6.2        ; x86_64         ;
; Assembler                 ; DESKTOP-OJG6CQU  ; Windows 7 ; 6.2        ; x86_64         ;
; TimeQuest Timing Analyzer ; DESKTOP-OJG6CQU  ; Windows 7 ; 6.2        ; x86_64         ;
+---------------------------+------------------+-----------+------------+----------------+


------------
; Flow Log ;
------------
quartus_map --read_settings_files=on --write_settings_files=off DE0_top -c DE0_top
quartus_fit --read_settings_files=off --write_settings_files=off DE0_top -c DE0_top
quartus_asm --read_settings_files=off --write_settings_files=off DE0_top -c DE0_top
quartus_sta DE0_top -c DE0_top



